<?xml version="1.0" encoding="UTF-8"?>
<!-- Generated by org.testng.reporters.JUnitXMLReporter -->
<testsuite ignored="4" hostname="DESKTOP-NKKEDQS" failures="0" tests="1" name="Default test" time="10.055" errors="0" timestamp="2024-10-01T17:55:45 EEST">
  <testcase classname="footer_Test.FooterCompTest" name="CheckFooterContainer" time="0.244"/>
  <testcase classname="footer_Test.FooterCompTest" name="ClickOnFacebook" time="0.0">
    <ignored/>
  </testcase> <!-- ClickOnFacebook -->
  <testcase classname="footer_Test.FooterCompTest" name="ClickOnLinkedIn" time="0.0">
    <ignored/>
  </testcase> <!-- ClickOnLinkedIn -->
  <testcase classname="footer_Test.FooterCompTest" name="CheckFooterTextAppeared" time="0.0">
    <ignored/>
  </testcase> <!-- CheckFooterTextAppeared -->
  <testcase classname="footer_Test.FooterCompTest" name="ClickOnTwitter" time="0.0">
    <ignored/>
  </testcase> <!-- ClickOnTwitter -->
</testsuite> <!-- Default test -->
