<?xml version="1.0" encoding="UTF-8"?>
<!-- Generated by org.testng.reporters.JUnitXMLReporter -->
<testsuite ignored="0" hostname="DESKTOP-NKKEDQS" failures="0" tests="10" name="Default test" time="51.638" errors="0" timestamp="2024-09-23T01:37:33 EEST">
  <testcase classname="homePage_Test.HomePageCompTest" name="CheckHeader" time="1.261"/>
  <testcase classname="homePage_Test.HomePageCompTest" name="CheckIfHomePageOpened" time="0.028"/>
  <testcase classname="homePage_Test.HomePageCompTest" name="CheckProductImageDisplayed" time="0.111"/>
  <testcase classname="homePage_Test.HomePageCompTest" name="CheckProductinfoDisplayed" time="0.086"/>
  <testcase classname="homePage_Test.HomePageCompTest" name="CheckProductNameColorDisplayed" time="0.387"/>
  <testcase classname="homePage_Test.HomePageCompTest" name="ClickAddToCartBtn" time="0.223"/>
  <testcase classname="homePage_Test.HomePageCompTest" name="CheckIfProductsAddedToWebSite" time="2.882"/>
  <testcase classname="homePage_Test.HomePageCompTest" name="CheckProductItemDetails" time="0.424"/>
  <testcase classname="homePage_Test.HomePageCompTest" name="CheckScrollDownToElement" time="0.054"/>
  <testcase classname="homePage_Test.HomePageCompTest" name="CheckFooterAddedToWebsite" time="0.091"/>
</testsuite> <!-- Default test -->
