<?xml version="1.0" encoding="UTF-8"?>
<testng-results ignored="0" total="1" passed="1" failed="0" skipped="0">
  <reporter-output>
  </reporter-output>
  <suite started-at="2024-10-01T17:55:35 EEST" name="Default suite" finished-at="2024-10-01T17:55:45 EEST" duration-ms="10055">
    <groups>
    </groups>
    <test started-at="2024-10-01T17:55:35 EEST" name="Default test" finished-at="2024-10-01T17:55:45 EEST" duration-ms="10055">
      <class name="footer_Test.FooterCompTest">
        <test-method is-config="true" signature="OpenHeader(org.testng.ITestResult)[pri:0, instance:footer_Test.FooterCompTest@60975100]" started-at="2024-10-01T17:55:35 EEST" name="OpenHeader" finished-at="2024-10-01T17:55:43 EEST" duration-ms="7858" status="PASS">
          <params>
            <param index="0">
              <value>
                <![CDATA[[TestResult name={null} status=CREATED method=FooterCompTest.CheckFooterContainer()[pri:1, instance:footer_Test.FooterCompTest@60975100] output={null}]]]>
              </value>
            </param>
          </params>
          <reporter-output>
          </reporter-output>
        </test-method> <!-- OpenHeader -->
        <test-method signature="CheckFooterContainer()[pri:1, instance:footer_Test.FooterCompTest@60975100]" started-at="2024-10-01T17:55:43 EEST" name="CheckFooterContainer" finished-at="2024-10-01T17:55:43 EEST" duration-ms="244" status="PASS">
          <reporter-output>
          </reporter-output>
        </test-method> <!-- CheckFooterContainer -->
        <test-method is-config="true" signature="Close(org.testng.ITestResult)[pri:0, instance:footer_Test.FooterCompTest@60975100]" started-at="2024-10-01T17:55:43 EEST" name="Close" finished-at="2024-10-01T17:55:45 EEST" duration-ms="1646" status="PASS">
          <params>
            <param index="0">
              <value>
                <![CDATA[[TestResult name=CheckFooterContainer status=SUCCESS method=FooterCompTest.CheckFooterContainer()[pri:1, instance:footer_Test.FooterCompTest@60975100] output={null}]]]>
              </value>
            </param>
          </params>
          <reporter-output>
          </reporter-output>
        </test-method> <!-- Close -->
      </class> <!-- footer_Test.FooterCompTest -->
    </test> <!-- Default test -->
  </suite> <!-- Default suite -->
</testng-results>
